composeApp/build/intermediates/manifest_merge_blame_file/debug/processDebugMainManifest/manifest-merger-blame-debug-report.txt
1<?xml version="1.0" encoding="utf-8"?>
2<manifest xmlns:android="http://schemas.android.com/apk/res/android"
3    package="com.runninghub.app"
4    android:versionCode="1"
5    android:versionName="1.0" >
6
7    <uses-sdk
8        android:minSdkVersion="24"
9        android:targetSdkVersion="35" />
10
11    <uses-permission android:name="android.permission.INTERNET" />
11-->src\androidMain\AndroidManifest.xml:4:5-67
11-->src\androidMain\AndroidManifest.xml:4:22-64
12    <uses-permission
12-->src\androidMain\AndroidManifest.xml:5:5-107
13        android:name="android.permission.READ_EXTERNAL_STORAGE"
13-->src\androidMain\AndroidManifest.xml:5:22-77
14        android:maxSdkVersion="32" />
14-->src\androidMain\AndroidManifest.xml:5:78-104
15    <uses-permission
15-->src\androidMain\AndroidManifest.xml:6:5-108
16        android:name="android.permission.WRITE_EXTERNAL_STORAGE"
16-->src\androidMain\AndroidManifest.xml:6:22-78
17        android:maxSdkVersion="29" />
17-->src\androidMain\AndroidManifest.xml:6:79-105
18    <uses-permission android:name="android.permission.READ_MEDIA_IMAGES" />
18-->src\androidMain\AndroidManifest.xml:7:5-76
18-->src\androidMain\AndroidManifest.xml:7:22-73
19    <uses-permission android:name="android.permission.READ_MEDIA_VIDEO" />
19-->src\androidMain\AndroidManifest.xml:8:5-75
19-->src\androidMain\AndroidManifest.xml:8:22-72
20    <uses-permission android:name="android.permission.READ_MEDIA_AUDIO" />
20-->src\androidMain\AndroidManifest.xml:9:5-75
20-->src\androidMain\AndroidManifest.xml:9:22-72
21    <uses-permission android:name="android.permission.ACCESS_NETWORK_STATE" />
21-->[androidx.media3:media3-common:1.5.1] AndroidManifest.xml:22:5-79
21-->[androidx.media3:media3-common:1.5.1] AndroidManifest.xml:22:22-76
22
23    <permission
23-->[androidx.core:core:1.15.0] AndroidManifest.xml:22:5-24:47
24        android:name="com.runninghub.app.DYNAMIC_RECEIVER_NOT_EXPORTED_PERMISSION"
24-->[androidx.core:core:1.15.0] AndroidManifest.xml:23:9-81
25        android:protectionLevel="signature" />
25-->[androidx.core:core:1.15.0] AndroidManifest.xml:24:9-44
26
27    <uses-permission android:name="com.runninghub.app.DYNAMIC_RECEIVER_NOT_EXPORTED_PERMISSION" />
27-->[androidx.core:core:1.15.0] AndroidManifest.xml:26:5-97
27-->[androidx.core:core:1.15.0] AndroidManifest.xml:26:22-94
28
29    <application
29-->src\androidMain\AndroidManifest.xml:11:5-29:19
30        android:name="com.runninghub.app.RunningHubApplication"
30-->src\androidMain\AndroidManifest.xml:12:9-46
31        android:allowBackup="true"
31-->src\androidMain\AndroidManifest.xml:13:9-35
32        android:appComponentFactory="androidx.core.app.CoreComponentFactory"
32-->[androidx.core:core:1.15.0] AndroidManifest.xml:28:18-86
33        android:debuggable="true"
34        android:extractNativeLibs="false"
35        android:icon="@mipmap/ic_launcher"
35-->src\androidMain\AndroidManifest.xml:14:9-43
36        android:label="@string/app_name"
36-->src\androidMain\AndroidManifest.xml:15:9-41
37        android:roundIcon="@mipmap/ic_launcher_round"
37-->src\androidMain\AndroidManifest.xml:16:9-54
38        android:supportsRtl="true"
38-->src\androidMain\AndroidManifest.xml:17:9-35
39        android:testOnly="true"
40        android:theme="@style/Theme.RunningHub" >
40-->src\androidMain\AndroidManifest.xml:18:9-48
41        <activity
41-->src\androidMain\AndroidManifest.xml:20:9-28:20
42            android:name="com.runninghub.app.MainActivity"
42-->src\androidMain\AndroidManifest.xml:21:13-41
43            android:exported="true"
43-->src\androidMain\AndroidManifest.xml:22:13-36
44            android:theme="@style/Theme.RunningHub" >
44-->src\androidMain\AndroidManifest.xml:23:13-52
45            <intent-filter>
45-->src\androidMain\AndroidManifest.xml:24:13-27:29
46                <action android:name="android.intent.action.MAIN" />
46-->src\androidMain\AndroidManifest.xml:25:17-69
46-->src\androidMain\AndroidManifest.xml:25:25-66
47
48                <category android:name="android.intent.category.LAUNCHER" />
48-->src\androidMain\AndroidManifest.xml:26:17-77
48-->src\androidMain\AndroidManifest.xml:26:27-74
49            </intent-filter>
50        </activity>
51
52        <provider
52-->[org.jetbrains.compose.components:components-resources-android:1.7.3] AndroidManifest.xml:8:9-13:20
53            android:name="org.jetbrains.compose.resources.AndroidContextProvider"
53-->[org.jetbrains.compose.components:components-resources-android:1.7.3] AndroidManifest.xml:9:13-82
54            android:authorities="com.runninghub.app.resources.AndroidContextProvider"
54-->[org.jetbrains.compose.components:components-resources-android:1.7.3] AndroidManifest.xml:10:13-84
55            android:enabled="true"
55-->[org.jetbrains.compose.components:components-resources-android:1.7.3] AndroidManifest.xml:11:13-35
56            android:exported="false" >
56-->[org.jetbrains.compose.components:components-resources-android:1.7.3] AndroidManifest.xml:12:13-37
57        </provider>
58        <provider
58-->[androidx.emoji2:emoji2:1.3.0] AndroidManifest.xml:24:9-32:20
59            android:name="androidx.startup.InitializationProvider"
59-->[androidx.emoji2:emoji2:1.3.0] AndroidManifest.xml:25:13-67
60            android:authorities="com.runninghub.app.androidx-startup"
60-->[androidx.emoji2:emoji2:1.3.0] AndroidManifest.xml:26:13-68
61            android:exported="false" >
61-->[androidx.emoji2:emoji2:1.3.0] AndroidManifest.xml:27:13-37
62            <meta-data
62-->[androidx.emoji2:emoji2:1.3.0] AndroidManifest.xml:29:13-31:52
63                android:name="androidx.emoji2.text.EmojiCompatInitializer"
63-->[androidx.emoji2:emoji2:1.3.0] AndroidManifest.xml:30:17-75
64                android:value="androidx.startup" />
64-->[androidx.emoji2:emoji2:1.3.0] AndroidManifest.xml:31:17-49
65            <meta-data
65-->[androidx.lifecycle:lifecycle-process:2.8.7] AndroidManifest.xml:29:13-31:52
66                android:name="androidx.lifecycle.ProcessLifecycleInitializer"
66-->[androidx.lifecycle:lifecycle-process:2.8.7] AndroidManifest.xml:30:17-78
67                android:value="androidx.startup" />
67-->[androidx.lifecycle:lifecycle-process:2.8.7] AndroidManifest.xml:31:17-49
68            <meta-data
68-->[androidx.profileinstaller:profileinstaller:1.4.1] AndroidManifest.xml:29:13-31:52
69                android:name="androidx.profileinstaller.ProfileInstallerInitializer"
69-->[androidx.profileinstaller:profileinstaller:1.4.1] AndroidManifest.xml:30:17-85
70                android:value="androidx.startup" />
70-->[androidx.profileinstaller:profileinstaller:1.4.1] AndroidManifest.xml:31:17-49
71        </provider>
72
73        <receiver
73-->[androidx.profileinstaller:profileinstaller:1.4.1] AndroidManifest.xml:34:9-52:20
74            android:name="androidx.profileinstaller.ProfileInstallReceiver"
74-->[androidx.profileinstaller:profileinstaller:1.4.1] AndroidManifest.xml:35:13-76
75            android:directBootAware="false"
75-->[androidx.profileinstaller:profileinstaller:1.4.1] AndroidManifest.xml:36:13-44
76            android:enabled="true"
76-->[androidx.profileinstaller:profileinstaller:1.4.1] AndroidManifest.xml:37:13-35
77            android:exported="true"
77-->[androidx.profileinstaller:profileinstaller:1.4.1] AndroidManifest.xml:38:13-36
78            android:permission="android.permission.DUMP" >
78-->[androidx.profileinstaller:profileinstaller:1.4.1] AndroidManifest.xml:39:13-57
79            <intent-filter>
79-->[androidx.profileinstaller:profileinstaller:1.4.1] AndroidManifest.xml:40:13-42:29
80                <action android:name="androidx.profileinstaller.action.INSTALL_PROFILE" />
80-->[androidx.profileinstaller:profileinstaller:1.4.1] AndroidManifest.xml:41:17-91
80-->[androidx.profileinstaller:profileinstaller:1.4.1] AndroidManifest.xml:41:25-88
81            </intent-filter>
82            <intent-filter>
82-->[androidx.profileinstaller:profileinstaller:1.4.1] AndroidManifest.xml:43:13-45:29
83                <action android:name="androidx.profileinstaller.action.SKIP_FILE" />
83-->[androidx.profileinstaller:profileinstaller:1.4.1] AndroidManifest.xml:44:17-85
83-->[androidx.profileinstaller:profileinstaller:1.4.1] AndroidManifest.xml:44:25-82
84            </intent-filter>
85            <intent-filter>
85-->[androidx.profileinstaller:profileinstaller:1.4.1] AndroidManifest.xml:46:13-48:29
86                <action android:name="androidx.profileinstaller.action.SAVE_PROFILE" />
86-->[androidx.profileinstaller:profileinstaller:1.4.1] AndroidManifest.xml:47:17-88
86-->[androidx.profileinstaller:profileinstaller:1.4.1] AndroidManifest.xml:47:25-85
87            </intent-filter>
88            <intent-filter>
88-->[androidx.profileinstaller:profileinstaller:1.4.1] AndroidManifest.xml:49:13-51:29
89                <action android:name="androidx.profileinstaller.action.BENCHMARK_OPERATION" />
89-->[androidx.profileinstaller:profileinstaller:1.4.1] AndroidManifest.xml:50:17-95
89-->[androidx.profileinstaller:profileinstaller:1.4.1] AndroidManifest.xml:50:25-92
90            </intent-filter>
91        </receiver>
92    </application>
93
94</manifest>